POST 200 394 - 29.259 ms 26/Aug/2024:14:12:04 +0000 HTTP/1.1 /user/login
POST 200 15 - 6.305 ms 26/Aug/2024:14:12:10 +0000 HTTP/1.1 /book/books
POST 404 148 - 2.740 ms 26/Aug/2024:14:12:57 +0000 HTTP/1.1 /newToken
GET 200 368 - 15.661 ms 26/Aug/2024:14:13:02 +0000 HTTP/1.1 /newToken
POST 200 177 - 22.397 ms 27/Aug/2024:19:35:03 +0000 HTTP/1.1 /user/register
POST 200 394 - 22.997 ms 27/Aug/2024:19:36:56 +0000 HTTP/1.1 /user/login
GET 400 13 - 1.218 ms 27/Aug/2024:19:41:02 +0000 HTTP/1.1 /user/logout
GET 200 18 - 6.449 ms 27/Aug/2024:19:41:29 +0000 HTTP/1.1 /user/logout
GET 200 15 - 2.616 ms 27/Aug/2024:19:42:55 +0000 HTTP/1.1 /book/books
GET 200 15 - 2.292 ms 27/Aug/2024:19:42:56 +0000 HTTP/1.1 /book/books
POST 200 394 - 4.967 ms 27/Aug/2024:19:43:42 +0000 HTTP/1.1 /user/login
GET 200 629 - 14.133 ms 27/Aug/2024:19:43:56 +0000 HTTP/1.1 /book/books
POST 400 13 - 0.191 ms 27/Aug/2024:19:46:52 +0000 HTTP/1.1 /book/addBook
POST 200 350 - 6.536 ms 27/Aug/2024:19:48:53 +0000 HTTP/1.1 /book/addBook
GET 200 935 - 7.910 ms 27/Aug/2024:19:49:04 +0000 HTTP/1.1 /book/books
GET 404 155 - 4.295 ms 27/Aug/2024:19:49:27 +0000 HTTP/1.1 /book/books/old=1
GET 404 155 - 3.266 ms 27/Aug/2024:19:49:41 +0000 HTTP/1.1 /book/books/old:1
GET 200 629 - 5.116 ms 27/Aug/2024:19:50:20 +0000 HTTP/1.1 /book/books?old=1
GET 200 316 - 4.318 ms 27/Aug/2024:19:50:36 +0000 HTTP/1.1 /book/books?new=1
POST 404 155 - 3.096 ms 27/Aug/2024:19:51:12 +0000 HTTP/1.1 /book/updateBook
PATCH 400 37 - 6.146 ms 27/Aug/2024:19:51:21 +0000 HTTP/1.1 /book/updateBook/66ce2da5e733ab930d0ed1a5
DELETE 400 37 - 4.669 ms 27/Aug/2024:19:51:36 +0000 HTTP/1.1 /book/deleteBook/66ce2da5e733ab930d0ed1a5
POST 200 394 - 3.893 ms 27/Aug/2024:19:51:59 +0000 HTTP/1.1 /user/login
GET 200 45 - 6.995 ms 27/Aug/2024:19:52:43 +0000 HTTP/1.1 /book/books?new=1
GET 200 315 - 3.572 ms 27/Aug/2024:19:52:56 +0000 HTTP/1.1 /book/books?old=1
GET 200 45 - 5.855 ms 27/Aug/2024:19:53:10 +0000 HTTP/1.1 /book/books?new=1
GET 200 315 - 3.516 ms 27/Aug/2024:19:53:18 +0000 HTTP/1.1 /book/books
DELETE 400 37 - 3.875 ms 27/Aug/2024:19:53:42 +0000 HTTP/1.1 /book/deleteBook/66ce2da5e733ab930d0ed1a5
POST 200 394 - 4.816 ms 27/Aug/2024:19:53:56 +0000 HTTP/1.1 /user/login
POST 200 394 - 4.709 ms 27/Aug/2024:19:54:44 +0000 HTTP/1.1 /user/login
GET 200 1240 - 6.278 ms 27/Aug/2024:19:55:00 +0000 HTTP/1.1 /book/books
GET 200 934 - 4.774 ms 27/Aug/2024:19:55:17 +0000 HTTP/1.1 /book/books?old=1
GET 200 316 - 5.885 ms 27/Aug/2024:19:55:32 +0000 HTTP/1.1 /book/books?new=1
DELETE 400 37 - 2.561 ms 27/Aug/2024:19:56:12 +0000 HTTP/1.1 /book/deleteBook/66ce2da5e733ab930d0ed1a5
DELETE 400 37 - 3.460 ms 27/Aug/2024:19:56:31 +0000 HTTP/1.1 /book/deleteBook/66ce2da5e733ab930d0ed1a5
PATCH 400 37 - 2.545 ms 27/Aug/2024:19:56:53 +0000 HTTP/1.1 /book/updateBook/66ce2da5e733ab930d0ed1a5
PATCH 400 37 - 4.602 ms 27/Aug/2024:19:57:22 +0000 HTTP/1.1 /book/updateBook/66ce2da5e733ab930d0ed1a5
POST 200 394 - 4.277 ms 27/Aug/2024:19:57:38 +0000 HTTP/1.1 /user/login
GET 200 316 - 3.950 ms 27/Aug/2024:19:58:01 +0000 HTTP/1.1 /book/books?new=1
GET 200 934 - 3.571 ms 27/Aug/2024:19:58:15 +0000 HTTP/1.1 /book/books?old=1
GET 200 1240 - 6.050 ms 27/Aug/2024:19:58:28 +0000 HTTP/1.1 /book/books
PATCH 200 35 - 19.753 ms 27/Aug/2024:19:59:37 +0000 HTTP/1.1 /book/updateBook/66ce2da5e733ab930d0ed1a5
GET 200 1236 - 5.312 ms 27/Aug/2024:19:59:44 +0000 HTTP/1.1 /book/books
PATCH 200 35 - 4.899 ms 27/Aug/2024:20:00:19 +0000 HTTP/1.1 /book/updateBook/66ce2da5e733ab930d0ed1a5
GET 200 1240 - 4.507 ms 27/Aug/2024:20:00:26 +0000 HTTP/1.1 /book/books
PATCH 200 35 - 4.387 ms 27/Aug/2024:20:01:10 +0000 HTTP/1.1 /book/updateBook/66ce2da5e733ab930d0ed1a5
GET 200 1237 - 8.495 ms 27/Aug/2024:20:01:14 +0000 HTTP/1.1 /book/books
DELETE 404 182 - 2.729 ms 27/Aug/2024:20:01:47 +0000 HTTP/1.1 /book/updateBook/66ce2da5e733ab930d0ed1a5
DELETE 200 35 - 9.059 ms 27/Aug/2024:20:02:00 +0000 HTTP/1.1 /book/deleteBook/66ce2da5e733ab930d0ed1a5
GET 200 934 - 8.621 ms 27/Aug/2024:20:02:09 +0000 HTTP/1.1 /book/books
